Reading supercells...
Initializing random supercells...
Initialization done.
Objective_function= -1.877976
Correlations_mismatch= 	-0.041667	0.000000	-0.666667	0.000000	-0.062500	0.083333	0.000000
Objective_function= -1.925595
Correlations_mismatch= 	-0.041667	0.000000	-0.333333	0.000000	-0.062500	0.083333	0.000000
Objective_function= -1.949405
Correlations_mismatch= 	-0.041667	-0.166667	0.000000	0.000000	-0.062500	-0.083333	0.000000
Objective_function= -1.961310
Correlations_mismatch= 	-0.083333	-0.083333	0.000000	0.000000	-0.062500	-0.041667	0.000000
Objective_function= -1.979167
Correlations_mismatch= 	-0.083333	0.000000	0.000000	0.000000	-0.062500	0.000000	0.000000
Objective_function= -2.351714
Correlations_mismatch= 	0.000000	0.000000	0.000000	-0.333333	-0.062500	0.041667	0.000000
Objective_function= -2.357666
Correlations_mismatch= 	0.000000	0.000000	0.000000	0.166667	-0.062500	-0.041667	0.125000
Objective_function= -2.369571
Correlations_mismatch= 	0.000000	0.000000	0.000000	-0.166667	-0.062500	0.083333	0.000000
Objective_function= -2.807594
Correlations_mismatch= 	0.000000	0.000000	0.000000	0.000000	-0.062500	0.000000	0.000000
