12
4.52223
2
0.50000 0.50000 0.50000 0 0
-0.00000 0.50000 0.00000 0 0

12
4.52223
2
1.00000 1.00000 0.50000 0 0
0.50000 1.00000 0.00000 0 0

3
6.39540
2
1.00000 1.00000 0.50000 0 0
1.00000 1.00000 -0.50000 0 0

6
6.39540
2
1.00000 0.50000 1.00000 0 0
1.00000 0.50000 0.00000 0 0

3
6.39540
2
0.50000 0.50000 0.50000 0 0
0.50000 0.50000 -0.50000 0 0

24
4.52223
3
0.50000 0.50000 0.50000 0 0
-0.00000 0.50000 0.00000 0 0
0.50000 0.00000 0.00000 0 0

8
4.52223
3
1.00000 1.00000 0.50000 0 0
1.00000 1.50000 0.00000 0 0
0.50000 1.00000 0.00000 0 0

