Reading supercells...
Initializing random supercells...
Initialization done.
Objective_function= -1.860119
Correlations_mismatch= 	0.083333	0.000000	-0.666667	0.166667	-0.062500	0.000000	0.000000
Objective_function= -1.925595
Correlations_mismatch= 	0.041667	-0.041667	-0.333333	0.000000	-0.062500	-0.041667	0.000000
Objective_function= -1.937500
Correlations_mismatch= 	0.041667	0.000000	-0.333333	0.000000	-0.062500	0.000000	0.000000
Objective_function= -2.256475
Correlations_mismatch= 	0.000000	0.000000	-0.666667	0.333333	-0.062500	0.041667	0.000000
Objective_function= -2.327904
Correlations_mismatch= 	0.000000	0.000000	-0.333333	-0.166667	-0.062500	0.041667	0.000000
Objective_function= -2.363618
Correlations_mismatch= 	0.000000	0.000000	0.000000	-0.166667	-0.062500	0.000000	-0.125000
Objective_function= -2.640927
Correlations_mismatch= 	0.000000	0.000000	-0.333333	-0.166667	-0.062500	0.000000	0.000000
Objective_function= -2.696483
Correlations_mismatch= 	0.000000	0.000000	0.000000	-0.333333	-0.062500	0.000000	0.000000
Objective_function= -2.807594
Correlations_mismatch= 	0.000000	0.000000	0.000000	0.000000	-0.062500	0.000000	0.000000
